# JRE version: OpenJDK Runtime Environment Temurin-17.0.7+7 (17.0.7+7) (build 17.0.7+7)
# Java VM: OpenJDK 64-Bit Server VM Temurin-17.0.7+7 (17.0.7+7, mixed mode, sharing, tiered, compressed oops, compressed class ptrs, g1 gc, windows-amd64)
GC Precious Log:
 CPUs: 24 total, 24 available
 Memory: 64651M
 Large Page Support: Disabled
 NUMA Support: Disabled
 Compressed Oops: Enabled (Zero based)
 Heap Region Size: 2M
 Heap Min Capacity: 512M
 Heap Initial Capacity: 512M
 Heap Max Capacity: 4072M
 Pre-touch: Disabled
 Parallel Workers: 18
 Concurrent Workers: 5
 Concurrent Refinement Workers: 18
 Periodic GC: Disabled
 String Deduplication is enabled
Heap:
 garbage-first heap   total 524288K, used 146484K [0x0000000701800000, 0x0000000800000000)
  region size 2048K, 22 young (45056K), 1 survivors (2048K)
 Metaspace       used 86672K, committed 87296K, reserved 1179648K
  class space    used 11650K, committed 11968K, reserved 1048576K
GC Heap History (20 events):
Event: 3720.772 GC heap before
{Heap before GC invocations=121 (full 5):
 garbage-first heap   total 524288K, used 185394K [0x0000000701800000, 0x0000000800000000)
  region size 2048K, 40 young (81920K), 1 survivors (2048K)
 Metaspace       used 86659K, committed 87296K, reserved 1179648K
  class space    used 11650K, committed 11968K, reserved 1048576K
}
Event: 3720.773 GC heap after
{Heap after GC invocations=122 (full 5):
 garbage-first heap   total 524288K, used 105140K [0x0000000701800000, 0x0000000800000000)
  region size 2048K, 1 young (2048K), 1 survivors (2048K)
 Metaspace       used 86659K, committed 87296K, reserved 1179648K
  class space    used 11650K, committed 11968K, reserved 1048576K
}
Event: 3741.805 GC heap before
{Heap before GC invocations=122 (full 5):
 garbage-first heap   total 524288K, used 185012K [0x0000000701800000, 0x0000000800000000)
  region size 2048K, 40 young (81920K), 1 survivors (2048K)
 Metaspace       used 86659K, committed 87296K, reserved 1179648K
  class space    used 11650K, committed 11968K, reserved 1048576K
}
Event: 3741.807 GC heap after
{Heap after GC invocations=123 (full 5):
 garbage-first heap   total 524288K, used 105157K [0x0000000701800000, 0x0000000800000000)
  region size 2048K, 1 young (2048K), 1 survivors (2048K)
 Metaspace       used 86659K, committed 87296K, reserved 1179648K
  class space    used 11650K, committed 11968K, reserved 1048576K
}
Event: 3758.215 GC heap before
{Heap before GC invocations=123 (full 5):
 garbage-first heap   total 524288K, used 185029K [0x0000000701800000, 0x0000000800000000)
  region size 2048K, 40 young (81920K), 1 survivors (2048K)
 Metaspace       used 86660K, committed 87296K, reserved 1179648K
  class space    used 11650K, committed 11968K, reserved 1048576K
}
Event: 3758.217 GC heap after
{Heap after GC invocations=124 (full 5):
 garbage-first heap   total 524288K, used 105170K [0x0000000701800000, 0x0000000800000000)
  region size 2048K, 1 young (2048K), 1 survivors (2048K)
 Metaspace       used 86660K, committed 87296K, reserved 1179648K
  class space    used 11650K, committed 11968K, reserved 1048576K
}
Event: 3761.109 GC heap before
{Heap before GC invocations=124 (full 5):
 garbage-first heap   total 524288K, used 185042K [0x0000000701800000, 0x0000000800000000)
  region size 2048K, 40 young (81920K), 1 survivors (2048K)
 Metaspace       used 86666K, committed 87296K, reserved 1179648K
  class space    used 11650K, committed 11968K, reserved 1048576K
}
Event: 3761.110 GC heap after
{Heap after GC invocations=125 (full 5):
 garbage-first heap   total 524288K, used 105208K [0x0000000701800000, 0x0000000800000000)
  region size 2048K, 1 young (2048K), 1 survivors (2048K)
 Metaspace       used 86666K, committed 87296K, reserved 1179648K
  class space    used 11650K, committed 11968K, reserved 1048576K
}
Event: 3786.017 GC heap before
{Heap before GC invocations=125 (full 5):
 garbage-first heap   total 524288K, used 185080K [0x0000000701800000, 0x0000000800000000)
  region size 2048K, 40 young (81920K), 1 survivors (2048K)
 Metaspace       used 86669K, committed 87296K, reserved 1179648K
  class space    used 11650K, committed 11968K, reserved 1048576K
}
Event: 3786.018 GC heap after
{Heap after GC invocations=126 (full 5):
 garbage-first heap   total 524288K, used 105287K [0x0000000701800000, 0x0000000800000000)
  region size 2048K, 1 young (2048K), 1 survivors (2048K)
 Metaspace       used 86669K, committed 87296K, reserved 1179648K
  class space    used 11650K, committed 11968K, reserved 1048576K
}
Event: 3794.251 GC heap before
{Heap before GC invocations=126 (full 5):
 garbage-first heap   total 524288K, used 185159K [0x0000000701800000, 0x0000000800000000)
  region size 2048K, 40 young (81920K), 1 survivors (2048K)
 Metaspace       used 86670K, committed 87296K, reserved 1179648K
  class space    used 11650K, committed 11968K, reserved 1048576K
}
Event: 3794.252 GC heap after
{Heap after GC invocations=127 (full 5):
 garbage-first heap   total 524288K, used 105796K [0x0000000701800000, 0x0000000800000000)
  region size 2048K, 1 young (2048K), 1 survivors (2048K)
 Metaspace       used 86670K, committed 87296K, reserved 1179648K
  class space    used 11650K, committed 11968K, reserved 1048576K
}
Event: 3797.999 GC heap before
{Heap before GC invocations=127 (full 5):
 garbage-first heap   total 524288K, used 185668K [0x0000000701800000, 0x0000000800000000)
  region size 2048K, 40 young (81920K), 1 survivors (2048K)
 Metaspace       used 86670K, committed 87296K, reserved 1179648K
  class space    used 11650K, committed 11968K, reserved 1048576K
}
Event: 3798.000 GC heap after
{Heap after GC invocations=128 (full 5):
 garbage-first heap   total 524288K, used 105417K [0x0000000701800000, 0x0000000800000000)
  region size 2048K, 1 young (2048K), 1 survivors (2048K)
 Metaspace       used 86670K, committed 87296K, reserved 1179648K
  class space    used 11650K, committed 11968K, reserved 1048576K
}
Event: 3804.255 GC heap before
{Heap before GC invocations=128 (full 5):
 garbage-first heap   total 524288K, used 185289K [0x0000000701800000, 0x0000000800000000)
  region size 2048K, 40 young (81920K), 1 survivors (2048K)
 Metaspace       used 86670K, committed 87296K, reserved 1179648K
  class space    used 11650K, committed 11968K, reserved 1048576K
}
Event: 3804.257 GC heap after
{Heap after GC invocations=129 (full 5):
 garbage-first heap   total 524288K, used 105854K [0x0000000701800000, 0x0000000800000000)
  region size 2048K, 1 young (2048K), 1 survivors (2048K)
 Metaspace       used 86670K, committed 87296K, reserved 1179648K
  class space    used 11650K, committed 11968K, reserved 1048576K
}
Event: 3817.436 GC heap before
{Heap before GC invocations=129 (full 5):
 garbage-first heap   total 524288K, used 185726K [0x0000000701800000, 0x0000000800000000)
  region size 2048K, 40 young (81920K), 1 survivors (2048K)
 Metaspace       used 86671K, committed 87296K, reserved 1179648K
  class space    used 11650K, committed 11968K, reserved 1048576K
}
Event: 3817.438 GC heap after
{Heap after GC invocations=130 (full 5):
 garbage-first heap   total 524288K, used 105461K [0x0000000701800000, 0x0000000800000000)
  region size 2048K, 1 young (2048K), 1 survivors (2048K)
 Metaspace       used 86671K, committed 87296K, reserved 1179648K
  class space    used 11650K, committed 11968K, reserved 1048576K
}
Event: 3839.562 GC heap before
{Heap before GC invocations=130 (full 5):
 garbage-first heap   total 524288K, used 185333K [0x0000000701800000, 0x0000000800000000)
  region size 2048K, 40 young (81920K), 1 survivors (2048K)
 Metaspace       used 86671K, committed 87296K, reserved 1179648K
  class space    used 11650K, committed 11968K, reserved 1048576K
}
Event: 3839.563 GC heap after
{Heap after GC invocations=131 (full 5):
 garbage-first heap   total 524288K, used 105524K [0x0000000701800000, 0x0000000800000000)
  region size 2048K, 1 young (2048K), 1 survivors (2048K)
 Metaspace       used 86671K, committed 87296K, reserved 1179648K
  class space    used 11650K, committed 11968K, reserved 1048576K
}

